
  ___  ____  ____  ____  ____ ©
 /__    /   ____/   /   ____/      17.0
___/   /   /___/   /   /___/       SE—Standard Edition

 Statistics and Data Science       Copyright 1985-2021 StataCorp LLC
                                   StataCorp
                                   4905 Lakeway Drive
                                   College Station, Texas 77845 USA
                                   800-STATA-PC        https://www.stata.com
                                   979-696-4600        stata@stata.com

Stata license: Single-user , expiring 16 May 2022
Serial number: 401709201735
  Licensed to: Co-Pierre Georg
               University of Cape Town

Notes:
      1. Stata is running in batch mode.
      2. Unicode is supported; see help unicode_advice.
      3. Maximum number of variables is set to 5,000; see help set_maxvar.

. do 11_clean_dictionary.do 

. cd /home/co/git/RegulatoryComplexity_Public/200_analysis
/home/co/git/RegulatoryComplexity_Public/200_analysis

. 
. 
. // the extended version includes the items from Words_2.xlsx sent by Jean-Edo
> uard in mid 2017.
. insheet using results/all_words_dictionary_extended.csv, clear
(2 vars, 5,609 obs)

. 
. duplicates drop

Duplicates in terms of all variables

(447 observations deleted)

. duplicates drop v1, force

Duplicates in terms of v1

(249 observations deleted)

. 
. outsheet using results/all_words_dictionary_clean.csv, replace

. 
end of do-file
